<?xml version="1.0" encoding="UTF-8"?>
<robot generator="Robot 7.3.2 (Python 3.13.2 on win32)" generated="2025-11-12T10:32:21.679665" rpa="false" schemaversion="5">
<suite id="s1" name="Test Mysql" source="C:\Users\kawa_aguiar\Documents\GitHub\Prova-FLASK\test_mysql.robot">
<test id="s1-t1" name="Conectar E Consultar Banco" line="11">
<kw name="Should Exist" owner="OperatingSystem">
<msg time="2025-11-12T10:32:21.746749" level="INFO" html="true">Path '&lt;a href="file://C:\Users\kawa_aguiar\Documents\GitHub\Prova-FLASK\instance\saep.db"&gt;C:\Users\kawa_aguiar\Documents\GitHub\Prova-FLASK\instance\saep.db&lt;/a&gt;' exists.</msg>
<arg>${DBFILE}</arg>
<doc>Fails unless the given path (file or directory) exists.</doc>
<status status="PASS" start="2025-11-12T10:32:21.742950" elapsed="0.003871"/>
</kw>
<kw name="Connect To Database" owner="DatabaseLibrary">
<msg time="2025-11-12T10:32:21.747284" level="INFO">Looking for configuration file: 'resources\db.cfg'</msg>
<msg time="2025-11-12T10:32:21.747362" level="INFO">Configuration file doesn't exist</msg>
<msg time="2025-11-12T10:32:21.750606" level="INFO">Connect to DB using : sqlite3.connect(database='C:/Users/kawa_aguiar/Documents/GitHub/Prova-FLASK/instance/saep.db')</msg>
<arg>${DBDRIVER}</arg>
<arg>database=${DBFILE}</arg>
<doc>Creates a database connection using the DB API 2.0 ``db_module`` and the parameters provided.
Along with listed commonly used arguments (`db_name`, `db_host` etc.)
you can set any other DB module specific parameters as key/value pairs.</doc>
<status status="PASS" start="2025-11-12T10:32:21.747076" elapsed="0.003819"/>
</kw>
<kw name="Query" owner="DatabaseLibrary">
<msg time="2025-11-12T10:32:21.751260" level="INFO" html="true">Executing sql:&lt;br&gt;&lt;code style="font-weight: bold;"&gt;SELECT name FROM sqlite_master WHERE type='table';&lt;/code&gt;</msg>
<msg time="2025-11-12T10:32:21.751579" level="INFO">Commit the transaction</msg>
<msg time="2025-11-12T10:32:21.751632" level="INFO" html="true">&lt;div style="max-width: 100%; overflow-x: auto; max-height: 500px; overflow-y: auto;"&gt;&lt;table style="width: auto; border-collapse: collapse; border: 2px solid rgb(140 140 140)"&gt;&lt;caption style="text-align: left; font-weight: bold; padding: 5px;"&gt;Query returned 4 rows&lt;/caption&gt;&lt;tr&gt;&lt;th scope="col" style="position: sticky; top: 0; color:black; background-color: #d6ecd4; border: 1px solid rgb(160 160 160);padding: 8px 10px;text-align: center;"&gt;Row&lt;/th&gt;&lt;th scope="col" style="position: sticky; top: 0; background-color: #505050; color: #fff;border: 1px solid rgb(160 160 160);padding: 8px 10px;text-align: center;"&gt;name&lt;/th&gt;&lt;/tr&gt;&lt;tr style="background-color: var(--secondary-color, #eee)"&gt;&lt;th scope="row" style="color:black; background-color: #d6ecd4;border: 1px solid rgb(160 160 160);padding: 8px 10px;text-align: center;"&gt;0&lt;/th&gt;&lt;td style="border: 1px solid rgb(160 160 160);padding: 8px 10px;text-align: center;"&gt;alembic_version&lt;/td&gt;&lt;/tr&gt;&lt;tr&gt;&lt;th scope="row" style="color:black; background-color: #d6ecd4;border: 1px solid rgb(160 160 160);padding: 8px 10px;text-align: center;"&gt;1&lt;/th&gt;&lt;td style="border: 1px solid rgb(160 160 160);padding: 8px 10px;text-align: center;"&gt;user&lt;/td&gt;&lt;/tr&gt;&lt;tr style="background-color: var(--secondary-color, #eee)"&gt;&lt;th scope="row" style="color:black; background-color: #d6ecd4;border: 1px solid rgb(160 160 160);padding: 8px 10px;text-align: center;"&gt;2&lt;/th&gt;&lt;td style="border: 1px solid rgb(160 160 160);padding: 8px 10px;text-align: center;"&gt;turma&lt;/td&gt;&lt;/tr&gt;&lt;tr&gt;&lt;th scope="row" style="color:black; background-color: #d6ecd4;border: 1px solid rgb(160 160 160);padding: 8px 10px;text-align: center;"&gt;3&lt;/th&gt;&lt;td style="border: 1px solid rgb(160 160 160);padding: 8px 10px;text-align: center;"&gt;atividade&lt;/td&gt;&lt;/tr&gt;&lt;/table&gt;&lt;/div&gt;</msg>
<msg time="2025-11-12T10:32:21.751732" level="INFO">${tabelas} = [('alembic_version',), ('user',), ('turma',), ('atividade',)]</msg>
<var>${tabelas}</var>
<arg>SELECT name FROM sqlite_master WHERE type='table';</arg>
<doc>Runs a query with the ``select_statement`` and returns the result as list of rows.
The type of row values depends on the database module -
usually they are tuples or tuple-like objects.</doc>
<status status="PASS" start="2025-11-12T10:32:21.751124" elapsed="0.000629"/>
</kw>
<kw name="Log" owner="BuiltIn">
<msg time="2025-11-12T10:32:21.752048" level="INFO">Tabelas encontradas: [('alembic_version',), ('user',), ('turma',), ('atividade',)]</msg>
<arg>Tabelas encontradas: ${tabelas}</arg>
<doc>Logs the given message with the given level.</doc>
<status status="PASS" start="2025-11-12T10:32:21.751935" elapsed="0.000149"/>
</kw>
<kw name="Table Should Exist">
<kw name="Evaluate" owner="BuiltIn">
<msg time="2025-11-12T10:32:21.752866" level="INFO">${nomes} = ['alembic_version', 'user', 'turma', 'atividade']</msg>
<var>${nomes}</var>
<arg>[t[0] for t in ${lista}]</arg>
<doc>Evaluates the given expression in Python and returns the result.</doc>
<status status="PASS" start="2025-11-12T10:32:21.752630" elapsed="0.000259"/>
</kw>
<kw name="Should Contain" owner="BuiltIn">
<arg>${nomes}</arg>
<arg>${tabela}</arg>
<doc>Fails if ``container`` does not contain ``item`` one or more times.</doc>
<status status="PASS" start="2025-11-12T10:32:21.752967" elapsed="0.000120"/>
</kw>
<arg>${TABELA}</arg>
<arg>${tabelas}</arg>
<status status="PASS" start="2025-11-12T10:32:21.752347" elapsed="0.000792"/>
</kw>
<kw name="Query" owner="DatabaseLibrary">
<msg time="2025-11-12T10:32:21.753467" level="INFO" html="true">Executing sql:&lt;br&gt;&lt;code style="font-weight: bold;"&gt;SELECT COUNT(*) FROM user;&lt;/code&gt;</msg>
<msg time="2025-11-12T10:32:21.754038" level="INFO">Commit the transaction</msg>
<msg time="2025-11-12T10:32:21.754075" level="INFO" html="true">&lt;div style="max-width: 100%; overflow-x: auto; max-height: 500px; overflow-y: auto;"&gt;&lt;table style="width: auto; border-collapse: collapse; border: 2px solid rgb(140 140 140)"&gt;&lt;caption style="text-align: left; font-weight: bold; padding: 5px;"&gt;Query returned 1 rows&lt;/caption&gt;&lt;tr&gt;&lt;th scope="col" style="position: sticky; top: 0; color:black; background-color: #d6ecd4; border: 1px solid rgb(160 160 160);padding: 8px 10px;text-align: center;"&gt;Row&lt;/th&gt;&lt;th scope="col" style="position: sticky; top: 0; background-color: #505050; color: #fff;border: 1px solid rgb(160 160 160);padding: 8px 10px;text-align: center;"&gt;COUNT(*)&lt;/th&gt;&lt;/tr&gt;&lt;tr style="background-color: var(--secondary-color, #eee)"&gt;&lt;th scope="row" style="color:black; background-color: #d6ecd4;border: 1px solid rgb(160 160 160);padding: 8px 10px;text-align: center;"&gt;0&lt;/th&gt;&lt;td style="border: 1px solid rgb(160 160 160);padding: 8px 10px;text-align: center;"&gt;6&lt;/td&gt;&lt;/tr&gt;&lt;/table&gt;&lt;/div&gt;</msg>
<msg time="2025-11-12T10:32:21.754149" level="INFO">${resultado} = [(6,)]</msg>
<var>${resultado}</var>
<arg>SELECT COUNT(*) FROM ${TABELA};</arg>
<doc>Runs a query with the ``select_statement`` and returns the result as list of rows.
The type of row values depends on the database module -
usually they are tuples or tuple-like objects.</doc>
<status status="PASS" start="2025-11-12T10:32:21.753305" elapsed="0.000863"/>
</kw>
<kw name="Log" owner="BuiltIn">
<msg time="2025-11-12T10:32:21.754844" level="INFO">Total de registros em user: 6</msg>
<arg>Total de registros em ${TABELA}: ${resultado[0][0]}</arg>
<doc>Logs the given message with the given level.</doc>
<status status="PASS" start="2025-11-12T10:32:21.754443" elapsed="0.000441"/>
</kw>
<kw name="Disconnect From Database" owner="DatabaseLibrary">
<doc>Disconnects from the database.</doc>
<status status="PASS" start="2025-11-12T10:32:21.755058" elapsed="0.000113"/>
</kw>
<doc>Testa se a tabela 'user' existe e possui registros</doc>
<status status="PASS" start="2025-11-12T10:32:21.742241" elapsed="0.013104"/>
</test>
<status status="PASS" start="2025-11-12T10:32:21.681099" elapsed="0.075236"/>
</suite>
<statistics>
<total>
<stat pass="1" fail="0" skip="0">All Tests</stat>
</total>
<tag>
</tag>
<suite>
<stat name="Test Mysql" id="s1" pass="1" fail="0" skip="0">Test Mysql</stat>
</suite>
</statistics>
<errors>
</errors>
</robot>
